<?xml version="1.0" encoding="UTF-8" ?>
<testsuite errors="0" failures="0" hostname="aca9002a.ipt.aol.com" name="korgeek.TestAllTests" tests="4" time="1.022" timestamp="2013-09-10T09:01:22">
  <properties>
    <property name="java.vendor" value="Apple Inc." />
    <property name="sun.java.launcher" value="SUN_STANDARD" />
    <property name="eclipse.pdebuild.templates" value="/Users/jinik/dev/app/eclipse-juno/plugins/org.eclipse.pde.build_3.8.1.v20120725-202643/templates//" />
    <property name="sun.management.compiler" value="HotSpot 64-Bit Tiered Compilers" />
    <property name="os.name" value="Mac OS X" />
    <property name="sun.boot.class.path" value="/System/Library/Java/JavaVirtualMachines/1.6.0.jdk/Contents/Classes/jsfd.jar:/System/Library/Java/JavaVirtualMachines/1.6.0.jdk/Contents/Classes/classes.jar:/System/Library/Frameworks/JavaVM.framework/Frameworks/JavaRuntimeSupport.framework/Resources/Java/JavaRuntimeSupport.jar:/System/Library/Java/JavaVirtualMachines/1.6.0.jdk/Contents/Classes/ui.jar:/System/Library/Java/JavaVirtualMachines/1.6.0.jdk/Contents/Classes/laf.jar:/System/Library/Java/JavaVirtualMachines/1.6.0.jdk/Contents/Classes/sunrsasign.jar:/System/Library/Java/JavaVirtualMachines/1.6.0.jdk/Contents/Classes/jsse.jar:/System/Library/Java/JavaVirtualMachines/1.6.0.jdk/Contents/Classes/jce.jar:/System/Library/Java/JavaVirtualMachines/1.6.0.jdk/Contents/Classes/charsets.jar" />
    <property name="TODAY" value="September 10 2013" />
    <property name="build.number" value="1" />
    <property name="java.vm.specification.vendor" value="Sun Microsystems Inc." />
    <property name="ant.home" value="/Users/jinik/dev/app/eclipse-juno/plugins/org.apache.ant_1.8.3.v20120321-1730" />
    <property name="java.runtime.version" value="1.6.0_51-b11-457-11M4509" />
    <property name="version.number" value="0" />
    <property name="user.name" value="jinik" />
    <property name="awt.nativeDoubleBuffering" value="true" />
    <property name="ant.file.Jar Publish" value="/Users/jinik/dev/workspace/ion/korgeek.aradon/build.xml" />
    <property name="publishDir" value="./publish" />
    <property name="user.language" value="en" />
    <property name="sun.boot.library.path" value="/System/Library/Java/JavaVirtualMachines/1.6.0.jdk/Contents/Libraries" />
    <property name="manifest.main.class" value="" />
    <property name="ant.project.default-target" value="publish" />
    <property name="ant.project.name" value="Jar Publish" />
    <property name="DSTAMP" value="20130910" />
    <property name="java.version" value="1.6.0_51" />
    <property name="user.timezone" value="" />
    <property name="sun.arch.data.model" value="64" />
    <property name="http.nonProxyHosts" value="local|*.local|169.254/16|*.169.254/16" />
    <property name="java.endorsed.dirs" value="/System/Library/Java/JavaVirtualMachines/1.6.0.jdk/Contents/Home/lib/endorsed" />
    <property name="sun.cpu.isalist" value="" />
    <property name="sun.jnu.encoding" value="MacRoman" />
    <property name="file.encoding.pkg" value="sun.io" />
    <property name="file.separator" value="/" />
    <property name="java.specification.name" value="Java Platform API Specification" />
    <property name="java.class.version" value="50.0" />
    <property name="user.country" value="US" />
    <property name="java.home" value="/System/Library/Java/JavaVirtualMachines/1.6.0.jdk/Contents/Home" />
    <property name="java.vm.info" value="mixed mode" />
    <property name="ant.file" value="/Users/jinik/dev/workspace/ion/korgeek.aradon/build.xml" />
    <property name="os.version" value="10.8.4" />
    <property name="test.reports" value="./res/report" />
    <property name="ant.file.type.Jar Publish" value="file" />
    <property name="path.separator" value=":" />
    <property name="java.vm.version" value="20.51-b01-457" />
    <property name="ant.library.dir" value="/Users/jinik/dev/app/eclipse-juno/plugins/org.apache.ant_1.8.3.v20120321-1730/lib" />
    <property name="manifest.classpath" value="./" />
    <property name="java.awt.printerjob" value="apple.awt.CPrinterJob" />
    <property name="sun.io.unicode.encoding" value="UnicodeLittle" />
    <property name="awt.toolkit" value="apple.awt.CToolkit" />
    <property name="socksNonProxyHosts" value="local|*.local|169.254/16|*.169.254/16" />
    <property name="ftp.nonProxyHosts" value="local|*.local|169.254/16|*.169.254/16" />
    <property name="eclipse.pdebuild.scripts" value="/Users/jinik/dev/app/eclipse-juno/plugins/org.eclipse.pde.build_3.8.1.v20120725-202643/scripts//" />
    <property name="user.home" value="/Users/jinik" />
    <property name="java.specification.vendor" value="Sun Microsystems Inc." />
    <property name="binDir" value="./bin" />
    <property name="java.library.path" value=".:/Users/jinik/Library/Java/Extensions:/Library/Java/Extensions:/System/Library/Java/Extensions:/usr/lib/java" />
    <property name="java.vendor.url" value="http://www.apple.com/" />
    <property name="java.vm.vendor" value="Apple Inc." />
    <property name="gopherProxySet" value="false" />
    <property name="java.runtime.name" value="Java(TM) SE Runtime Environment" />
    <property name="sun.java.command" value="org.apache.tools.ant.taskdefs.optional.junit.JUnitTestRunner korgeek.TestAllTests filtertrace=true haltOnError=false haltOnFailure=true formatter=org.apache.tools.ant.taskdefs.optional.junit.SummaryJUnitResultFormatter showoutput=false outputtoformatters=true logfailedtests=true logtestlistenerevents=false formatter=org.apache.tools.ant.taskdefs.optional.junit.XMLJUnitResultFormatter,/Users/jinik/dev/workspace/ion/korgeek.aradon/res/report/TEST-korgeek.TestAllTests.xml crashfile=/Users/jinik/dev/workspace/ion/korgeek.aradon/junitvmwatcher3631180118951424950.properties propsfile=/Users/jinik/dev/workspace/ion/korgeek.aradon/junit1455032809802387601.properties" />
    <property name="java.class.path" value="/Users/jinik/dev/workspace/ion/korgeek.aradon/bin:/Users/jinik/dev/workspace/ion/korgeek.aradon/lib/apache_extend_fat.jar:/Users/jinik/dev/workspace/ion/korgeek.aradon/lib/aradon_0.9.jar:/Users/jinik/dev/workspace/ion/korgeek.aradon/lib/commons-vfs2-2.0.jar:/Users/jinik/dev/workspace/ion/korgeek.aradon/lib/iframework_2.3.jar:/Users/jinik/dev/workspace/ion/korgeek.aradon/lib/jci_fat.jar:/Users/jinik/dev/workspace/ion/korgeek.aradon/lib/junit.jar:/Users/jinik/dev/workspace/ion/korgeek.aradon/lib/mongo-2.8.0.jar:/Users/jinik/dev/workspace/ion/korgeek.aradon/lib/mongonode_0.3.jar:/Users/jinik/dev/workspace/ion/korgeek.aradon/lib/netty-3.2.7.Final.jar:/Users/jinik/dev/workspace/ion/korgeek.aradon/lib/org.simpleframework.jar:/Users/jinik/dev/workspace/ion/korgeek.aradon/lib/rest_fat.jar:/Users/jinik/dev/app/eclipse-juno/plugins/org.apache.ant_1.8.3.v20120321-1730/lib/ant-launcher.jar:/Users/jinik/dev/app/eclipse-juno/plugins/org.apache.ant_1.8.3.v20120321-1730/lib/ant.jar:/Users/jinik/dev/app/eclipse-juno/plugins/org.apache.ant_1.8.3.v20120321-1730/lib/ant-junit.jar:/Users/jinik/dev/app/eclipse-juno/plugins/org.apache.ant_1.8.3.v20120321-1730/lib/ant-junit4.jar" />
    <property name="ant.version" value="Apache Ant(TM) version 1.8.3 compiled on February 26 2012" />
    <property name="TSTAMP" value="1601" />
    <property name="java.vm.specification.name" value="Java Virtual Machine Specification" />
    <property name="java.vm.specification.version" value="1.0" />
    <property name="sun.cpu.endian" value="little" />
    <property name="sun.os.patch.level" value="unknown" />
    <property name="eclipse.pdebuild.home" value="/Users/jinik/dev/app/eclipse-juno/plugins/org.eclipse.pde.build_3.8.1.v20120725-202643/.//" />
    <property name="java.io.tmpdir" value="/var/folders/ck/x91yf9ps3ps_mg95cgl11pq40000gn/T/" />
    <property name="java.vendor.url.bug" value="http://bugreport.apple.com/" />
    <property name="workspaceDir" value="../../ion/" />
    <property name="mrj.build" value="11M4509" />
    <property name="java.awt.graphicsenv" value="apple.awt.CGraphicsEnvironment" />
    <property name="os.arch" value="x86_64" />
    <property name="java.ext.dirs" value="/Users/jinik/Library/Java/Extensions:/Library/Java/Extensions:/System/Library/Java/Extensions:/System/Library/Java/JavaVirtualMachines/1.6.0.jdk/Contents/Home/lib/ext" />
    <property name="user.dir" value="/Users/jinik/dev/workspace/ion/korgeek.aradon" />
    <property name="mrj.version" value="1070.1.6.0_51-457" />
    <property name="publishName" value="korgeek_aradon" />
    <property name="line.separator" value="&#xa;" />
    <property name="java.vm.name" value="Java HotSpot(TM) 64-Bit Server VM" />
    <property name="basedir" value="/Users/jinik/dev/workspace/ion/korgeek.aradon" />
    <property name="baseDir" value="." />
    <property name="ant.java.version" value="1.6" />
    <property name="TODAY_MY" value="09/10/2013 04:01" />
    <property name="ant.core.lib" value="/Users/jinik/dev/app/eclipse-juno/plugins/org.apache.ant_1.8.3.v20120321-1730/lib/ant.jar" />
    <property name="file.encoding" value="UTF-8" />
    <property name="java.specification.version" value="1.6" />
    <property name="ant.project.invoked-targets" value="test_framework,publish,copy" />
  </properties>
  <testcase classname="korgeek.aradon.common.let.TestDebugLet" name="testDebugGet" time="0.668" />
  <testcase classname="korgeek.aradon.common.let.TestDebugLet" name="testDebugPost" time="0.017" />
  <testcase classname="korgeek.aradon.common.let.TestFaviconLet" name="testFavicon" time="0.183" />
  <testcase classname="korgeek.aradon.common.let.TestFaviconLet" name="testFaviconAttribute" time="0.124" />
  <system-out><![CDATA[[Bye....... Aradon] by net.ion.radon.core.Aradon:destorySelf[20130910-160122]
[Bye....... Aradon] by net.ion.radon.core.Aradon:destorySelf[20130910-160122]
[favicon from getResourceAsStream] by korgeek.aradon.common.let.FaviconLet:setFavicon[20130910-160122]
[Bye....... Aradon] by net.ion.radon.core.Aradon:destorySelf[20130910-160123]
[favicon from Attribute] by korgeek.aradon.common.let.FaviconLet:setFavicon[20130910-160123]
[Bye....... Aradon] by net.ion.radon.core.Aradon:destorySelf[20130910-160123]
]]></system-out>
  <system-err><![CDATA[[[PORT, 58585]] by net.ion.nradon.netty.NettyWebServer$1:call[20130910-160122]
Sep 10, 2013 4:01:22 PM org.restlet.ext.httpclient.HttpClientHelper start
INFO: Starting the Apache HTTP client
log4j:WARN No appenders could be found for logger (org.apache.http.impl.conn.tsccm.ThreadSafeClientConnManager).
log4j:WARN Please initialize the log4j system properly.
log4j:WARN See http://logging.apache.org/log4j/1.2/faq.html#noconfig for more info.
Sep 10, 2013 4:01:22 PM org.restlet.engine.log.LogFilter afterHandle
INFO: 2013-09-10	16:01:22	127.0.0.1	anony	-	-1	GET	/debug/debug	test=1234&	200	461	0	75	-	Restlet-Framework/2.1rc5	-
Sep 10, 2013 4:01:22 PM net.ion.radon.core.Aradon destorySelf
WARNING: aradon server stoped
[[PORT, 58585]] by net.ion.nradon.netty.NettyWebServer$1:call[20130910-160122]
Sep 10, 2013 4:01:22 PM org.restlet.engine.log.LogFilter afterHandle
INFO: 2013-09-10	16:01:22	127.0.0.1	anony	-	-1	POST	/debug/debug		200	569	24	3	-	Restlet-Framework/2.1rc5	-
Sep 10, 2013 4:01:22 PM net.ion.radon.core.Aradon destorySelf
WARNING: aradon server stoped
[[PORT, 58585]] by net.ion.nradon.netty.NettyWebServer$1:call[20130910-160122]
[[PORT, 58585]] by net.ion.nradon.netty.NettyWebServer$1:call[20130910-160122]
Sep 10, 2013 4:01:22 PM org.restlet.engine.log.LogFilter afterHandle
INFO: 2013-09-10	16:01:22	127.0.0.1	anony	-	-1	DELETE	/favicon.ico		200	14	0	1	-	Restlet-Framework/2.1rc5	-
Sep 10, 2013 4:01:22 PM org.restlet.engine.log.LogFilter afterHandle
INFO: 2013-09-10	16:01:22	127.0.0.1	anony	-	-1	GET	/favicon.ico		200	-	0	2	-	Restlet-Framework/2.1rc5	-
Sep 10, 2013 4:01:23 PM org.restlet.engine.log.LogFilter afterHandle
INFO: 2013-09-10	16:01:23	127.0.0.1	anony	-	-1	GET	/favicon.ico		200	-	0	1	-	Restlet-Framework/2.1rc5	-
Sep 10, 2013 4:01:23 PM org.restlet.engine.log.LogFilter afterHandle
INFO: 2013-09-10	16:01:23	127.0.0.1	anony	-	-1	GET	/favicon.ico		200	-	0	1	-	Restlet-Framework/2.1rc5	-
Sep 10, 2013 4:01:23 PM org.restlet.engine.log.LogFilter afterHandle
INFO: 2013-09-10	16:01:23	127.0.0.1	anony	-	-1	GET	/favicon.ico		200	-	0	0	-	Restlet-Framework/2.1rc5	-
Sep 10, 2013 4:01:23 PM org.restlet.engine.log.LogFilter afterHandle
INFO: 2013-09-10	16:01:23	127.0.0.1	anony	-	-1	GET	/favicon.ico		200	-	0	0	-	Restlet-Framework/2.1rc5	-
Sep 10, 2013 4:01:23 PM net.ion.radon.core.Aradon destorySelf
WARNING: aradon server stoped
[[PORT, 58585]] by net.ion.nradon.netty.NettyWebServer$1:call[20130910-160123]
[[PORT, 58585]] by net.ion.nradon.netty.NettyWebServer$1:call[20130910-160123]
Sep 10, 2013 4:01:23 PM org.restlet.engine.log.LogFilter afterHandle
INFO: 2013-09-10	16:01:23	127.0.0.1	anony	-	-1	DELETE	/favicon.ico		200	14	0	1	-	Restlet-Framework/2.1rc5	-
Sep 10, 2013 4:01:23 PM org.restlet.engine.log.LogFilter afterHandle
INFO: 2013-09-10	16:01:23	127.0.0.1	anony	-	-1	GET	/favicon.ico		200	-	0	1	-	Restlet-Framework/2.1rc5	-
Sep 10, 2013 4:01:23 PM org.restlet.engine.log.LogFilter afterHandle
INFO: 2013-09-10	16:01:23	127.0.0.1	anony	-	-1	GET	/favicon.ico		200	-	0	1	-	Restlet-Framework/2.1rc5	-
Sep 10, 2013 4:01:23 PM org.restlet.engine.log.LogFilter afterHandle
INFO: 2013-09-10	16:01:23	127.0.0.1	anony	-	-1	GET	/favicon.ico		200	-	0	0	-	Restlet-Framework/2.1rc5	-
Sep 10, 2013 4:01:23 PM org.restlet.engine.log.LogFilter afterHandle
INFO: 2013-09-10	16:01:23	127.0.0.1	anony	-	-1	GET	/favicon.ico		200	-	0	0	-	Restlet-Framework/2.1rc5	-
Sep 10, 2013 4:01:23 PM org.restlet.engine.log.LogFilter afterHandle
INFO: 2013-09-10	16:01:23	127.0.0.1	anony	-	-1	GET	/favicon.ico		200	-	0	1	-	Restlet-Framework/2.1rc5	-
Sep 10, 2013 4:01:23 PM net.ion.radon.core.Aradon destorySelf
WARNING: aradon server stoped
]]></system-err>
</testsuite>
