<?xml version="1.0" encoding="UTF-8" ?>
<testsuite errors="0" failures="0" hostname="aca9002a.ipt.aol.com" name="korgeek.TestAllTests" tests="12" time="1.333" timestamp="2013-09-10T09:01:51">
  <properties>
    <property name="java.vendor" value="Apple Inc." />
    <property name="sun.java.launcher" value="SUN_STANDARD" />
    <property name="eclipse.pdebuild.templates" value="/Users/jinik/dev/app/eclipse-juno/plugins/org.eclipse.pde.build_3.8.1.v20120725-202643/templates//" />
    <property name="sun.management.compiler" value="HotSpot 64-Bit Tiered Compilers" />
    <property name="os.name" value="Mac OS X" />
    <property name="sun.boot.class.path" value="/System/Library/Java/JavaVirtualMachines/1.6.0.jdk/Contents/Classes/jsfd.jar:/System/Library/Java/JavaVirtualMachines/1.6.0.jdk/Contents/Classes/classes.jar:/System/Library/Frameworks/JavaVM.framework/Frameworks/JavaRuntimeSupport.framework/Resources/Java/JavaRuntimeSupport.jar:/System/Library/Java/JavaVirtualMachines/1.6.0.jdk/Contents/Classes/ui.jar:/System/Library/Java/JavaVirtualMachines/1.6.0.jdk/Contents/Classes/laf.jar:/System/Library/Java/JavaVirtualMachines/1.6.0.jdk/Contents/Classes/sunrsasign.jar:/System/Library/Java/JavaVirtualMachines/1.6.0.jdk/Contents/Classes/jsse.jar:/System/Library/Java/JavaVirtualMachines/1.6.0.jdk/Contents/Classes/jce.jar:/System/Library/Java/JavaVirtualMachines/1.6.0.jdk/Contents/Classes/charsets.jar" />
    <property name="TODAY" value="September 10 2013" />
    <property name="build.number" value="1" />
    <property name="java.vm.specification.vendor" value="Sun Microsystems Inc." />
    <property name="ant.home" value="/Users/jinik/dev/app/eclipse-juno/plugins/org.apache.ant_1.8.3.v20120321-1730" />
    <property name="java.runtime.version" value="1.6.0_51-b11-457-11M4509" />
    <property name="version.number" value="0" />
    <property name="user.name" value="jinik" />
    <property name="awt.nativeDoubleBuffering" value="true" />
    <property name="ant.file.Jar Publish" value="/Users/jinik/dev/workspace/git/korgeek/korgeek.util/build.xml" />
    <property name="publishDir" value="./publish" />
    <property name="user.language" value="en" />
    <property name="sun.boot.library.path" value="/System/Library/Java/JavaVirtualMachines/1.6.0.jdk/Contents/Libraries" />
    <property name="manifest.main.class" value="" />
    <property name="ant.project.default-target" value="publish" />
    <property name="ant.project.name" value="Jar Publish" />
    <property name="DSTAMP" value="20130910" />
    <property name="java.version" value="1.6.0_51" />
    <property name="user.timezone" value="" />
    <property name="sun.arch.data.model" value="64" />
    <property name="http.nonProxyHosts" value="local|*.local|169.254/16|*.169.254/16" />
    <property name="java.endorsed.dirs" value="/System/Library/Java/JavaVirtualMachines/1.6.0.jdk/Contents/Home/lib/endorsed" />
    <property name="sun.cpu.isalist" value="" />
    <property name="sun.jnu.encoding" value="MacRoman" />
    <property name="file.encoding.pkg" value="sun.io" />
    <property name="file.separator" value="/" />
    <property name="java.specification.name" value="Java Platform API Specification" />
    <property name="java.class.version" value="50.0" />
    <property name="user.country" value="US" />
    <property name="java.home" value="/System/Library/Java/JavaVirtualMachines/1.6.0.jdk/Contents/Home" />
    <property name="java.vm.info" value="mixed mode" />
    <property name="ant.file" value="/Users/jinik/dev/workspace/git/korgeek/korgeek.util/build.xml" />
    <property name="os.version" value="10.8.4" />
    <property name="test.reports" value="./res/report" />
    <property name="ant.file.type.Jar Publish" value="file" />
    <property name="path.separator" value=":" />
    <property name="java.vm.version" value="20.51-b01-457" />
    <property name="ant.library.dir" value="/Users/jinik/dev/app/eclipse-juno/plugins/org.apache.ant_1.8.3.v20120321-1730/lib" />
    <property name="manifest.classpath" value="./" />
    <property name="java.awt.printerjob" value="apple.awt.CPrinterJob" />
    <property name="sun.io.unicode.encoding" value="UnicodeLittle" />
    <property name="awt.toolkit" value="apple.awt.CToolkit" />
    <property name="socksNonProxyHosts" value="local|*.local|169.254/16|*.169.254/16" />
    <property name="ftp.nonProxyHosts" value="local|*.local|169.254/16|*.169.254/16" />
    <property name="eclipse.pdebuild.scripts" value="/Users/jinik/dev/app/eclipse-juno/plugins/org.eclipse.pde.build_3.8.1.v20120725-202643/scripts//" />
    <property name="user.home" value="/Users/jinik" />
    <property name="java.specification.vendor" value="Sun Microsystems Inc." />
    <property name="binDir" value="./bin" />
    <property name="java.library.path" value=".:/Users/jinik/Library/Java/Extensions:/Library/Java/Extensions:/System/Library/Java/Extensions:/usr/lib/java" />
    <property name="java.vendor.url" value="http://www.apple.com/" />
    <property name="java.vm.vendor" value="Apple Inc." />
    <property name="gopherProxySet" value="false" />
    <property name="java.runtime.name" value="Java(TM) SE Runtime Environment" />
    <property name="sun.java.command" value="org.apache.tools.ant.taskdefs.optional.junit.JUnitTestRunner korgeek.TestAllTests filtertrace=true haltOnError=false haltOnFailure=true formatter=org.apache.tools.ant.taskdefs.optional.junit.SummaryJUnitResultFormatter showoutput=false outputtoformatters=true logfailedtests=true logtestlistenerevents=false formatter=org.apache.tools.ant.taskdefs.optional.junit.XMLJUnitResultFormatter,/Users/jinik/dev/workspace/git/korgeek/korgeek.util/res/report/TEST-korgeek.TestAllTests.xml crashfile=/Users/jinik/dev/workspace/git/korgeek/korgeek.util/junitvmwatcher435107505144889915.properties propsfile=/Users/jinik/dev/workspace/git/korgeek/korgeek.util/junit262905611348533123.properties" />
    <property name="java.class.path" value="/Users/jinik/dev/workspace/git/korgeek/korgeek.util/bin:/Users/jinik/dev/workspace/git/korgeek/korgeek.util/lib/apache_extend_fat.jar:/Users/jinik/dev/workspace/git/korgeek/korgeek.util/lib/geocoder-java-0.9.jar:/Users/jinik/dev/workspace/git/korgeek/korgeek.util/lib/gson-2.2.4.jar:/Users/jinik/dev/workspace/git/korgeek/korgeek.util/lib/junit.jar:/Users/jinik/dev/workspace/git/korgeek/korgeek.util/lib/twitter4j-core-3.0.3.jar:/Users/jinik/dev/app/eclipse-juno/plugins/org.apache.ant_1.8.3.v20120321-1730/lib/ant-launcher.jar:/Users/jinik/dev/app/eclipse-juno/plugins/org.apache.ant_1.8.3.v20120321-1730/lib/ant.jar:/Users/jinik/dev/app/eclipse-juno/plugins/org.apache.ant_1.8.3.v20120321-1730/lib/ant-junit.jar:/Users/jinik/dev/app/eclipse-juno/plugins/org.apache.ant_1.8.3.v20120321-1730/lib/ant-junit4.jar" />
    <property name="ant.version" value="Apache Ant(TM) version 1.8.3 compiled on February 26 2012" />
    <property name="TSTAMP" value="1601" />
    <property name="java.vm.specification.name" value="Java Virtual Machine Specification" />
    <property name="java.vm.specification.version" value="1.0" />
    <property name="sun.cpu.endian" value="little" />
    <property name="sun.os.patch.level" value="unknown" />
    <property name="eclipse.pdebuild.home" value="/Users/jinik/dev/app/eclipse-juno/plugins/org.eclipse.pde.build_3.8.1.v20120725-202643/.//" />
    <property name="java.io.tmpdir" value="/var/folders/ck/x91yf9ps3ps_mg95cgl11pq40000gn/T/" />
    <property name="java.vendor.url.bug" value="http://bugreport.apple.com/" />
    <property name="workspaceDir" value="../../ion/" />
    <property name="mrj.build" value="11M4509" />
    <property name="java.awt.graphicsenv" value="apple.awt.CGraphicsEnvironment" />
    <property name="os.arch" value="x86_64" />
    <property name="java.ext.dirs" value="/Users/jinik/Library/Java/Extensions:/Library/Java/Extensions:/System/Library/Java/Extensions:/System/Library/Java/JavaVirtualMachines/1.6.0.jdk/Contents/Home/lib/ext" />
    <property name="user.dir" value="/Users/jinik/dev/workspace/git/korgeek/korgeek.util" />
    <property name="mrj.version" value="1070.1.6.0_51-457" />
    <property name="publishName" value="korgeek_util" />
    <property name="line.separator" value="&#xa;" />
    <property name="java.vm.name" value="Java HotSpot(TM) 64-Bit Server VM" />
    <property name="basedir" value="/Users/jinik/dev/workspace/git/korgeek/korgeek.util" />
    <property name="baseDir" value="." />
    <property name="ant.java.version" value="1.6" />
    <property name="TODAY_MY" value="09/10/2013 04:01" />
    <property name="ant.core.lib" value="/Users/jinik/dev/app/eclipse-juno/plugins/org.apache.ant_1.8.3.v20120321-1730/lib/ant.jar" />
    <property name="file.encoding" value="UTF-8" />
    <property name="java.specification.version" value="1.6" />
    <property name="ant.project.invoked-targets" value="test_framework,publish,copy" />
  </properties>
  <testcase classname="korgeek.util.TestCodeUtil" name="testEncode36" time="0.0030" />
  <testcase classname="korgeek.util.TestCodeUtil" name="testDecode36" time="0.035" />
  <testcase classname="korgeek.util.TestCodeUtil" name="testEncrypt" time="0.155" />
  <testcase classname="korgeek.util.TestDateFormatUtil" name="testToFormatAndDate" time="0.0040" />
  <testcase classname="korgeek.util.TestDateFormatUtil" name="testSimpleTo" time="0.0" />
  <testcase classname="korgeek.util.TestDebug" name="testDebug" time="0.0010" />
  <testcase classname="korgeek.util.TestGeoUtil" name="testGetAddress" time="1.099" />
  <testcase classname="korgeek.util.TestJunitUtil" name="testIsTestCase" time="0.0" />
  <testcase classname="korgeek.util.TestJunitUtil" name="testGetAradonRoot" time="0.0010" />
  <testcase classname="korgeek.util.TestListUtil" name="testCreate" time="0.0" />
  <testcase classname="korgeek.util.TestListUtil" name="testLimitSizeList" time="0.0010" />
  <testcase classname="korgeek.util.TestMapUtil" name="testCreate" time="0.0" />
  <system-out><![CDATA[[DEBUG 2013-09-10T16:01:51][ah494gtruu68]	at korgeek.util.TestCodeUtil.testEncode36 (TestCodeUtil.java:13) 
[DEBUG 2013-09-10T16:01:51][zik0zj]	at korgeek.util.TestCodeUtil.testEncode36 (TestCodeUtil.java:14) 
[DEBUG 2013-09-10T16:01:51][43cfd1bf2e322089de2a324311391f5b]	at korgeek.util.TestCodeUtil.testDecode36 (TestCodeUtil.java:28) 
[DEBUG 2013-09-10T16:01:51][3b9b587ca5d436543d153a36e51a42d5]	at korgeek.util.TestCodeUtil.testDecode36 (TestCodeUtil.java:29) 
[DEBUG 2013-09-10T16:01:51][uvKBaGtcQxibFjaZy+6Lmk5hjBIlJk7TSI4TnrhfRjubsETbSET2UQRG8NGD0Llx]	at korgeek.util.TestCodeUtil.testEncrypt (TestCodeUtil.java:41) 
[DEBUG 2013-09-10T16:01:52][20130910-160151, Tue Sep 10 16:01:51 WIT 2013]	at korgeek.util.TestDateFormatUtil.testToFormatAndDate (TestDateFormatUtil.java:14) 
[DEBUG 2013-09-10T16:01:52][Debug Test, 1, 1]	at korgeek.util.TestDebug.testDebug (TestDebug.java:9) 
[DEBUG 2013-09-10T16:01:52][Debug Test]	at korgeek.util.TestDebug.testDebug (TestDebug.java:10) 
[DEBUG 2013-09-10T16:01:53][/Users/jinik/dev/workspace/git/korgeek/korgeek.util/.]	at korgeek.util.TestJunitUtil.testGetAradonRoot (TestJunitUtil.java:16) 
[90, 91, 92, 93, 94, 95, 96, 97, 98, 99]
]]></system-out>
  <system-err><![CDATA[]]></system-err>
</testsuite>
